<?xml version="1.0" encoding="UTF-8"?>
<testsuite name="io.swagger.netatmo.test.ThermostatApiTest" tests="5" skipped="0" failures="0" errors="0" timestamp="2015-10-12T11:27:45" hostname="cbornet-VirtualBox" time="7.746">
  <properties/>
  <testcase name="testGetUser" classname="io.swagger.netatmo.test.ThermostatApiTest" time="2.929"/>
  <testcase name="testSchedule" classname="io.swagger.netatmo.test.ThermostatApiTest" time="3.999"/>
  <testcase name="testDeviceList" classname="io.swagger.netatmo.test.ThermostatApiTest" time="0.233"/>
  <testcase name="testGetMeasure" classname="io.swagger.netatmo.test.ThermostatApiTest" time="0.32"/>
  <testcase name="testSetpoint" classname="io.swagger.netatmo.test.ThermostatApiTest" time="0.25"/>
  <system-out><![CDATA[]]></system-out>
  <system-err><![CDATA[]]></system-err>
</testsuite>
